Using pre-set license
Built from '2021.3/staging' branch; Version is '2021.3.11f1 (0a5ca18544bf) revision 679073'; Using compiler version '192829333'; Build Type 'Release'
OS: 'Windows 10  (10.0.19044) 64bit Professional' Language: 'es' Physical Memory: 32605 MB
BatchMode: 1, IsHumanControllingUs: 0, StartBugReporterOnCrash: 0, Is64bit: 1, IsPro: 1

COMMAND LINE ARGUMENTS:
D:\2021.3.11f1\Editor\Unity.exe
-adb2
-batchMode
-noUpm
-name
AssetImportWorker0
-projectPath
C:/Users/Leo/practicas_
-logFile
Logs/AssetImportWorker0.log
-srvPort
61627
Successfully changed project path to: C:/Users/Leo/practicas_
C:/Users/Leo/practicas_
[UnityMemory] Configuration Parameters - Can be set up in boot.config
    "memorysetup-bucket-allocator-granularity=16"
    "memorysetup-bucket-allocator-bucket-count=8"
    "memorysetup-bucket-allocator-block-size=33554432"
    "memorysetup-bucket-allocator-block-count=8"
    "memorysetup-main-allocator-block-size=16777216"
    "memorysetup-thread-allocator-block-size=16777216"
    "memorysetup-gfx-main-allocator-block-size=16777216"
    "memorysetup-gfx-thread-allocator-block-size=16777216"
    "memorysetup-cache-allocator-block-size=4194304"
    "memorysetup-typetree-allocator-block-size=2097152"
    "memorysetup-profiler-bucket-allocator-granularity=16"
    "memorysetup-profiler-bucket-allocator-bucket-count=8"
    "memorysetup-profiler-bucket-allocator-block-size=33554432"
    "memorysetup-profiler-bucket-allocator-block-count=8"
    "memorysetup-profiler-allocator-block-size=16777216"
    "memorysetup-profiler-editor-allocator-block-size=1048576"
    "memorysetup-temp-allocator-size-main=16777216"
    "memorysetup-job-temp-allocator-block-size=2097152"
    "memorysetup-job-temp-allocator-block-size-background=1048576"
    "memorysetup-job-temp-allocator-reduction-small-platforms=262144"
    "memorysetup-temp-allocator-size-background-worker=32768"
    "memorysetup-temp-allocator-size-job-worker=262144"
    "memorysetup-temp-allocator-size-preload-manager=33554432"
    "memorysetup-temp-allocator-size-nav-mesh-worker=65536"
    "memorysetup-temp-allocator-size-audio-worker=65536"
    "memorysetup-temp-allocator-size-cloud-worker=32768"
    "memorysetup-temp-allocator-size-gi-baking-worker=262144"
    "memorysetup-temp-allocator-size-gfx=262144"
Refreshing native plugins compatible for Editor in 77.04 ms, found 4 plugins.
Preloading 0 native plugins for Editor in 0.00 ms.
Initialize engine version: 2021.3.11f1 (0a5ca18544bf)
[Subsystems] Discovering subsystems at path D:/2021.3.11f1/Editor/Data/Resources/UnitySubsystems
[Subsystems] Discovering subsystems at path C:/Users/Leo/practicas_/Assets
GfxDevice: creating device client; threaded=0; jobified=0
Direct3D:
    Version:  Direct3D 11.0 [level 11.1]
    Renderer: NVIDIA GeForce RTX 3060 (ID=0x2504)
    Vendor:   NVIDIA
    VRAM:     12142 MB
    Driver:   31.0.15.1748
Initialize mono
Mono path[0] = 'D:/2021.3.11f1/Editor/Data/Managed'
Mono path[1] = 'D:/2021.3.11f1/Editor/Data/MonoBleedingEdge/lib/mono/unityjit-win32'
Mono config path = 'D:/2021.3.11f1/Editor/Data/MonoBleedingEdge/etc'
Using monoOptions --debugger-agent=transport=dt_socket,embedding=1,server=y,suspend=n,address=127.0.0.1:56728
Begin MonoManager ReloadAssembly
Registering precompiled unity dll's ...
Register platform support module: D:/2021.3.11f1/Editor/Data/PlaybackEngines/WebGLSupport/UnityEditor.WebGL.Extensions.dll
Register platform support module: D:/2021.3.11f1/Editor/Data/PlaybackEngines/WindowsStandaloneSupport/UnityEditor.WindowsStandalone.Extensions.dll
Registered in 0.001501 seconds.
Native extension for WindowsStandalone target not found
Native extension for WebGL target not found
Refreshing native plugins compatible for Editor in 69.19 ms, found 4 plugins.
Preloading 0 native plugins for Editor in 0.00 ms.
Mono: successfully reloaded assembly
- Completed reload, in  0.458 seconds
Domain Reload Profiling:
	ReloadAssembly (458ms)
		BeginReloadAssembly (49ms)
			ExecutionOrderSort (0ms)
			DisableScriptedObjects (0ms)
			BackupInstance (0ms)
			ReleaseScriptingObjects (0ms)
			CreateAndSetChildDomain (1ms)
		EndReloadAssembly (339ms)
			LoadAssemblies (48ms)
			RebuildTransferFunctionScriptingTraits (0ms)
			SetupTypeCache (73ms)
			ReleaseScriptCaches (0ms)
			RebuildScriptCaches (21ms)
			SetupLoadedEditorAssemblies (210ms)
				LogAssemblyErrors (0ms)
				InitializePlatformSupportModulesInManaged (5ms)
				SetLoadedEditorAssemblies (0ms)
				RefreshPlugins (69ms)
				BeforeProcessingInitializeOnLoad (1ms)
				ProcessInitializeOnLoadAttributes (102ms)
				ProcessInitializeOnLoadMethodAttributes (32ms)
				AfterProcessingInitializeOnLoad (0ms)
				EditorAssembliesLoaded (0ms)
			ExecutionOrderSort2 (0ms)
			AwakeInstancesAfterBackupRestoration (0ms)
Platform modules already initialized, skipping
Registering precompiled user dll's ...
Registered in 0.004873 seconds.
Begin MonoManager ReloadAssembly
Symbol file LoadedFromMemory doesn't match image C:\Users\Leo\practicas_\Library\PackageCache\com.unity.visualscripting@1.7.8\Editor\VisualScripting.Core\Dependencies\YamlDotNet\Unity.VisualScripting.YamlDotNet.dll
Symbol file LoadedFromMemory doesn't match image C:\Users\Leo\practicas_\Library\PackageCache\com.unity.visualscripting@1.7.8\Editor\VisualScripting.Core\Dependencies\DotNetZip\Unity.VisualScripting.IonicZip.dll
Native extension for WindowsStandalone target not found
Native extension for WebGL target not found
Refreshing native plugins compatible for Editor in 65.62 ms, found 4 plugins.
Preloading 0 native plugins for Editor in 0.00 ms.
Mono: successfully reloaded assembly
- Completed reload, in  0.833 seconds
Domain Reload Profiling:
	ReloadAssembly (833ms)
		BeginReloadAssembly (77ms)
			ExecutionOrderSort (0ms)
			DisableScriptedObjects (4ms)
			BackupInstance (0ms)
			ReleaseScriptingObjects (0ms)
			CreateAndSetChildDomain (17ms)
		EndReloadAssembly (668ms)
			LoadAssemblies (58ms)
			RebuildTransferFunctionScriptingTraits (0ms)
			SetupTypeCache (177ms)
			ReleaseScriptCaches (1ms)
			RebuildScriptCaches (42ms)
			SetupLoadedEditorAssemblies (353ms)
				LogAssemblyErrors (0ms)
				InitializePlatformSupportModulesInManaged (3ms)
				SetLoadedEditorAssemblies (0ms)
				RefreshPlugins (66ms)
				BeforeProcessingInitializeOnLoad (72ms)
				ProcessInitializeOnLoadAttributes (176ms)
				ProcessInitializeOnLoadMethodAttributes (34ms)
				AfterProcessingInitializeOnLoad (2ms)
				EditorAssembliesLoaded (0ms)
			ExecutionOrderSort2 (0ms)
			AwakeInstancesAfterBackupRestoration (4ms)
Platform modules already initialized, skipping
========================================================================
Worker process is ready to serve import requests
Launched and connected shader compiler UnityShaderCompiler.exe after 0.03 seconds
Refreshing native plugins compatible for Editor in 0.59 ms, found 4 plugins.
Preloading 0 native plugins for Editor in 0.00 ms.
Unloading 4071 Unused Serialized files (Serialized files now loaded: 0)
Unloading 44 unused Assets / (229.2 KB). Loaded Objects now: 4521.
Memory consumption went from 151.4 MB to 151.2 MB.
Total: 2.987500 ms (FindLiveObjects: 0.307500 ms CreateObjectMapping: 0.233900 ms MarkObjects: 2.281200 ms  DeleteObjects: 0.163500 ms)

AssetImportParameters requested are different than current active one (requested -> active):
  custom:video-decoder-ogg-theora: a1e56fd34408186e4bbccfd4996cb3dc -> 
  custom:container-muxer-webm: aa71ff27fc2769a1b78a27578f13a17b -> 
  custom:container-demuxer-webm: 4f35f7cbe854078d1ac9338744f61a02 -> 
  custom:video-encoder-webm-vp8: eb34c28f22e8b96e1ab97ce403110664 -> 
  custom:audio-encoder-webm-vorbis: bf7c407c2cedff20999df2af8eb42d56 -> 
  custom:framework-win-MediaFoundation: 216162199b28c13a410421893ffa2e32 -> 
  custom:container-demuxer-ogg: 62fdf1f143b41e24485cea50d1cbac27 -> 
  custom:video-decoder-webm-vp8: 9c59270c3fd7afecdb556c50c9e8de78 -> 
  custom:audio-decoder-ogg-vorbis: bf7c407c2cedff20999df2af8eb42d56 -> 
========================================================================
Received Import Request.
  Time since last request: 86718.602431 seconds.
  path: Assets/Bullet.prefab
  artifactKey: Guid(739f40deebebf8f45967fed0fe834c42) Importer(815301076,1909f56bfc062723c751e8b465ee728b)
Start importing Assets/Bullet.prefab using Guid(739f40deebebf8f45967fed0fe834c42) Importer(815301076,1909f56bfc062723c751e8b465ee728b)  -> (artifact id: 'f56b32e4fcf1828f72a604c37bef2f96') in 0.087317 seconds 
========================================================================
Received Prepare
Registering precompiled user dll's ...
Registered in 0.004686 seconds.
Begin MonoManager ReloadAssembly
Symbol file LoadedFromMemory doesn't match image C:\Users\Leo\practicas_\Library\PackageCache\com.unity.visualscripting@1.7.8\Editor\VisualScripting.Core\Dependencies\YamlDotNet\Unity.VisualScripting.YamlDotNet.dll
Symbol file LoadedFromMemory doesn't match image C:\Users\Leo\practicas_\Library\PackageCache\com.unity.visualscripting@1.7.8\Editor\VisualScripting.Core\Dependencies\DotNetZip\Unity.VisualScripting.IonicZip.dll
Native extension for WindowsStandalone target not found
Native extension for WebGL target not found
Refreshing native plugins compatible for Editor in 0.65 ms, found 4 plugins.
Preloading 0 native plugins for Editor in 0.00 ms.
Mono: successfully reloaded assembly
- Completed reload, in  0.799 seconds
Domain Reload Profiling:
	ReloadAssembly (800ms)
		BeginReloadAssembly (100ms)
			ExecutionOrderSort (0ms)
			DisableScriptedObjects (5ms)
			BackupInstance (0ms)
			ReleaseScriptingObjects (0ms)
			CreateAndSetChildDomain (34ms)
		EndReloadAssembly (630ms)
			LoadAssemblies (65ms)
			RebuildTransferFunctionScriptingTraits (0ms)
			SetupTypeCache (194ms)
			ReleaseScriptCaches (1ms)
			RebuildScriptCaches (47ms)
			SetupLoadedEditorAssemblies (269ms)
				LogAssemblyErrors (0ms)
				InitializePlatformSupportModulesInManaged (9ms)
				SetLoadedEditorAssemblies (0ms)
				RefreshPlugins (1ms)
				BeforeProcessingInitializeOnLoad (55ms)
				ProcessInitializeOnLoadAttributes (170ms)
				ProcessInitializeOnLoadMethodAttributes (31ms)
				AfterProcessingInitializeOnLoad (2ms)
				EditorAssembliesLoaded (0ms)
			ExecutionOrderSort2 (0ms)
			AwakeInstancesAfterBackupRestoration (8ms)
Platform modules already initialized, skipping
Refreshing native plugins compatible for Editor in 1.84 ms, found 4 plugins.
Preloading 0 native plugins for Editor in 0.00 ms.
Unloading 4066 Unused Serialized files (Serialized files now loaded: 0)
Unloading 31 unused Assets / (195.9 KB). Loaded Objects now: 4532.
Memory consumption went from 155.8 MB to 155.6 MB.
Total: 2.503700 ms (FindLiveObjects: 0.232400 ms CreateObjectMapping: 0.110300 ms MarkObjects: 2.042600 ms  DeleteObjects: 0.117700 ms)

AssetImportParameters requested are different than current active one (requested -> active):
  custom:video-decoder-ogg-theora: a1e56fd34408186e4bbccfd4996cb3dc -> 
  custom:container-muxer-webm: aa71ff27fc2769a1b78a27578f13a17b -> 
  custom:container-demuxer-webm: 4f35f7cbe854078d1ac9338744f61a02 -> 
  custom:video-encoder-webm-vp8: eb34c28f22e8b96e1ab97ce403110664 -> 
  custom:audio-encoder-webm-vorbis: bf7c407c2cedff20999df2af8eb42d56 -> 
  custom:framework-win-MediaFoundation: 216162199b28c13a410421893ffa2e32 -> 
  custom:container-demuxer-ogg: 62fdf1f143b41e24485cea50d1cbac27 -> 
  custom:video-decoder-webm-vp8: 9c59270c3fd7afecdb556c50c9e8de78 -> 
  custom:audio-decoder-ogg-vorbis: bf7c407c2cedff20999df2af8eb42d56 -> 
========================================================================
Received Import Request.
  Time since last request: 42.327958 seconds.
  path: Assets/jojo_audio/snd_blowup.ogg
  artifactKey: Guid(47318dec93a80224d9d3ed4b5f982960) Importer(815301076,1909f56bfc062723c751e8b465ee728b)
Start importing Assets/jojo_audio/snd_blowup.ogg using Guid(47318dec93a80224d9d3ed4b5f982960) Importer(815301076,1909f56bfc062723c751e8b465ee728b)  -> (artifact id: 'b841d2f5a1d6f90707fe32e37e1017a7') in 0.097169 seconds 
========================================================================
Received Import Request.
  Time since last request: 0.000016 seconds.
  path: Assets/jojo_audio/snd_boss_music.ogg
  artifactKey: Guid(ad6e3329bf6a3a44a9bfebd4a361be08) Importer(815301076,1909f56bfc062723c751e8b465ee728b)
Start importing Assets/jojo_audio/snd_boss_music.ogg using Guid(ad6e3329bf6a3a44a9bfebd4a361be08) Importer(815301076,1909f56bfc062723c751e8b465ee728b)  -> (artifact id: 'fb004ae4bafc1bd33cfad595347cc9d5') in 0.023393 seconds 
========================================================================
Received Import Request.
  Time since last request: 0.000040 seconds.
  path: Assets/jojo_audio/snd_landing.ogg
  artifactKey: Guid(f1238373b452a784884ce8470154270a) Importer(815301076,1909f56bfc062723c751e8b465ee728b)
Start importing Assets/jojo_audio/snd_landing.ogg using Guid(f1238373b452a784884ce8470154270a) Importer(815301076,1909f56bfc062723c751e8b465ee728b)  -> (artifact id: 'e071a694c499eff71bb18b63b4852c1c') in 0.017582 seconds 
========================================================================
Received Import Request.
  Time since last request: 0.000036 seconds.
  path: Assets/jojo_audio/snd_explosion_ground.ogg
  artifactKey: Guid(afb2ad926bf11e748a60e14101dce376) Importer(815301076,1909f56bfc062723c751e8b465ee728b)
Start importing Assets/jojo_audio/snd_explosion_ground.ogg using Guid(afb2ad926bf11e748a60e14101dce376) Importer(815301076,1909f56bfc062723c751e8b465ee728b)  -> (artifact id: 'cc352601f78a4785d44e0f80e8d9af67') in 0.017383 seconds 
========================================================================
Received Import Request.
  Time since last request: 0.000028 seconds.
  path: Assets/jojo_audio/snd_jump_hump.ogg
  artifactKey: Guid(a93923a5cdef3bc48a939b9c23202b93) Importer(815301076,1909f56bfc062723c751e8b465ee728b)
Start importing Assets/jojo_audio/snd_jump_hump.ogg using Guid(a93923a5cdef3bc48a939b9c23202b93) Importer(815301076,1909f56bfc062723c751e8b465ee728b)  -> (artifact id: '8dcfee5297a7d7d799de99e807912c6c') in 0.016921 seconds 
========================================================================
Received Import Request.
  Time since last request: 0.000025 seconds.
  path: Assets/jojo_audio/snd_hurt.ogg
  artifactKey: Guid(8b2dce4fc0954674aa3efff67e995065) Importer(815301076,1909f56bfc062723c751e8b465ee728b)
Start importing Assets/jojo_audio/snd_hurt.ogg using Guid(8b2dce4fc0954674aa3efff67e995065) Importer(815301076,1909f56bfc062723c751e8b465ee728b)  -> (artifact id: 'e0b17cfb43e949af2b9e93bd5583ee00') in 0.018614 seconds 
========================================================================
Received Import Request.
  Time since last request: 0.000030 seconds.
  path: Assets/jojo_audio/snd_rifle_shot.ogg
  artifactKey: Guid(d5791a22e994d8a4690c7e5de3d71f4c) Importer(815301076,1909f56bfc062723c751e8b465ee728b)
Start importing Assets/jojo_audio/snd_rifle_shot.ogg using Guid(d5791a22e994d8a4690c7e5de3d71f4c) Importer(815301076,1909f56bfc062723c751e8b465ee728b)  -> (artifact id: 'c225facf0ecb373450d07a8f8592b9fd') in 0.015742 seconds 
========================================================================
Received Import Request.
  Time since last request: 0.000024 seconds.
  path: Assets/jojo_audio/snd_danger.ogg
  artifactKey: Guid(05c99c1803fcf254d9d4dcb4468da511) Importer(815301076,1909f56bfc062723c751e8b465ee728b)
Start importing Assets/jojo_audio/snd_danger.ogg using Guid(05c99c1803fcf254d9d4dcb4468da511) Importer(815301076,1909f56bfc062723c751e8b465ee728b)  -> (artifact id: 'e7ba9f5250cf9ab6639e0950b13bac7b') in 0.015594 seconds 
========================================================================
Received Import Request.
  Time since last request: 0.000029 seconds.
  path: Assets/jojo_audio/snd_end_drums.ogg
  artifactKey: Guid(925d9bcdf37e3ff4bae5d1433a23e79c) Importer(815301076,1909f56bfc062723c751e8b465ee728b)
Start importing Assets/jojo_audio/snd_end_drums.ogg using Guid(925d9bcdf37e3ff4bae5d1433a23e79c) Importer(815301076,1909f56bfc062723c751e8b465ee728b)  -> (artifact id: '7244de34c482249aefa355f2b900949f') in 0.016445 seconds 
========================================================================
Received Import Request.
  Time since last request: 0.000027 seconds.
  path: Assets/jojo_audio/snd_click.ogg
  artifactKey: Guid(ec109e8e0d092ff41ac6d52743f004f5) Importer(815301076,1909f56bfc062723c751e8b465ee728b)
Start importing Assets/jojo_audio/snd_click.ogg using Guid(ec109e8e0d092ff41ac6d52743f004f5) Importer(815301076,1909f56bfc062723c751e8b465ee728b)  -> (artifact id: '3b8a723b2e3a3bb5d1ae82bec98c39a9') in 0.018337 seconds 
========================================================================
Received Import Request.
  Time since last request: 0.000028 seconds.
  path: Assets/jojo_audio/snd_step1.ogg
  artifactKey: Guid(280fd2437a82c2643bbf60f5a5b046fa) Importer(815301076,1909f56bfc062723c751e8b465ee728b)
Start importing Assets/jojo_audio/snd_step1.ogg using Guid(280fd2437a82c2643bbf60f5a5b046fa) Importer(815301076,1909f56bfc062723c751e8b465ee728b)  -> (artifact id: 'b69cec49a7f1b444ea79757cb3ab1899') in 0.019249 seconds 
========================================================================
Received Import Request.
  Time since last request: 0.000028 seconds.
  path: Assets/jojo_audio/snd_missil.ogg
  artifactKey: Guid(ad9670368ade3684198026546a6d72e5) Importer(815301076,1909f56bfc062723c751e8b465ee728b)
Start importing Assets/jojo_audio/snd_missil.ogg using Guid(ad9670368ade3684198026546a6d72e5) Importer(815301076,1909f56bfc062723c751e8b465ee728b)  -> (artifact id: 'd2fb30f834055ea5ae1186b8321efa26') in 0.019710 seconds 
========================================================================
Received Import Request.
  Time since last request: 0.000026 seconds.
  path: Assets/jojo_audio/snd_main_theme.ogg
  artifactKey: Guid(63c3c579bc9110d4798227aa4ba9e8b1) Importer(815301076,1909f56bfc062723c751e8b465ee728b)
Start importing Assets/jojo_audio/snd_main_theme.ogg using Guid(63c3c579bc9110d4798227aa4ba9e8b1) Importer(815301076,1909f56bfc062723c751e8b465ee728b)  -> (artifact id: '3c3af32af84ca661f1d9fd78d3c4c9cc') in 0.017530 seconds 
========================================================================
Received Import Request.
  Time since last request: 0.000027 seconds.
  path: Assets/jojo_audio/snd_boss_laser.ogg
  artifactKey: Guid(01ea2313b35394d45aefc7b96b58556c) Importer(815301076,1909f56bfc062723c751e8b465ee728b)
Start importing Assets/jojo_audio/snd_boss_laser.ogg using Guid(01ea2313b35394d45aefc7b96b58556c) Importer(815301076,1909f56bfc062723c751e8b465ee728b)  -> (artifact id: 'd1dd867ee309483935d563dd38451bb2') in 0.015848 seconds 
========================================================================
Received Prepare
Registering precompiled user dll's ...
Registered in 0.004665 seconds.
Begin MonoManager ReloadAssembly
Symbol file LoadedFromMemory doesn't match image C:\Users\Leo\practicas_\Library\PackageCache\com.unity.visualscripting@1.7.8\Editor\VisualScripting.Core\Dependencies\YamlDotNet\Unity.VisualScripting.YamlDotNet.dll
Symbol file LoadedFromMemory doesn't match image C:\Users\Leo\practicas_\Library\PackageCache\com.unity.visualscripting@1.7.8\Editor\VisualScripting.Core\Dependencies\DotNetZip\Unity.VisualScripting.IonicZip.dll
Native extension for WindowsStandalone target not found
Native extension for WebGL target not found
Refreshing native plugins compatible for Editor in 1.14 ms, found 4 plugins.
Preloading 0 native plugins for Editor in 0.00 ms.
Mono: successfully reloaded assembly
- Completed reload, in  0.910 seconds
Domain Reload Profiling:
	ReloadAssembly (911ms)
		BeginReloadAssembly (116ms)
			ExecutionOrderSort (0ms)
			DisableScriptedObjects (5ms)
			BackupInstance (0ms)
			ReleaseScriptingObjects (0ms)
			CreateAndSetChildDomain (38ms)
		EndReloadAssembly (716ms)
			LoadAssemblies (84ms)
			RebuildTransferFunctionScriptingTraits (0ms)
			SetupTypeCache (236ms)
			ReleaseScriptCaches (2ms)
			RebuildScriptCaches (43ms)
			SetupLoadedEditorAssemblies (310ms)
				LogAssemblyErrors (0ms)
				InitializePlatformSupportModulesInManaged (10ms)
				SetLoadedEditorAssemblies (0ms)
				RefreshPlugins (1ms)
				BeforeProcessingInitializeOnLoad (69ms)
				ProcessInitializeOnLoadAttributes (190ms)
				ProcessInitializeOnLoadMethodAttributes (37ms)
				AfterProcessingInitializeOnLoad (2ms)
				EditorAssembliesLoaded (0ms)
			ExecutionOrderSort2 (0ms)
			AwakeInstancesAfterBackupRestoration (8ms)
Platform modules already initialized, skipping
Refreshing native plugins compatible for Editor in 2.12 ms, found 4 plugins.
Preloading 0 native plugins for Editor in 0.00 ms.
Unloading 4066 Unused Serialized files (Serialized files now loaded: 0)
Unloading 31 unused Assets / (195.8 KB). Loaded Objects now: 4537.
Memory consumption went from 155.9 MB to 155.7 MB.
Total: 3.534600 ms (FindLiveObjects: 0.420300 ms CreateObjectMapping: 0.281900 ms MarkObjects: 2.597800 ms  DeleteObjects: 0.233300 ms)

AssetImportParameters requested are different than current active one (requested -> active):
  custom:video-decoder-ogg-theora: a1e56fd34408186e4bbccfd4996cb3dc -> 
  custom:container-muxer-webm: aa71ff27fc2769a1b78a27578f13a17b -> 
  custom:container-demuxer-webm: 4f35f7cbe854078d1ac9338744f61a02 -> 
  custom:video-encoder-webm-vp8: eb34c28f22e8b96e1ab97ce403110664 -> 
  custom:audio-encoder-webm-vorbis: bf7c407c2cedff20999df2af8eb42d56 -> 
  custom:framework-win-MediaFoundation: 216162199b28c13a410421893ffa2e32 -> 
  custom:container-demuxer-ogg: 62fdf1f143b41e24485cea50d1cbac27 -> 
  custom:video-decoder-webm-vp8: 9c59270c3fd7afecdb556c50c9e8de78 -> 
  custom:audio-decoder-ogg-vorbis: bf7c407c2cedff20999df2af8eb42d56 -> 
Editor requested this worker to shutdown with reason: Scaling down because of idle timeout
AssetImportWorker is now disconnected from the server
Process exiting
Exiting without the bug reporter. Application will terminate with return code 0